(('BRONX', '01'), 91205)
(('BRONX', '02'), 79404)
(('BRONX', '03'), 92215)
(('BRONX', '04'), 90601)
(('BRONX', '05'), 97308)
(('BRONX', '06'), 94391)
(('BRONX', '07'), 97585)
(('BRONX', '08'), 98137)
(('BRONX', '09'), 95615)
(('BRONX', '10'), 96171)
(('BRONX', '11'), 87070)
(('BRONX', '12'), 83703)
(('BROOKLYN', '01'), 123974)
(('BROOKLYN', '02'), 106475)
(('BROOKLYN', '03'), 124658)
(('BROOKLYN', '04'), 124425)
(('BROOKLYN', '05'), 134915)
(('BROOKLYN', '06'), 132778)
(('BROOKLYN', '07'), 139167)
(('BROOKLYN', '08'), 137985)
(('BROOKLYN', '09'), 130839)
(('BROOKLYN', '10'), 133051)
(('BROOKLYN', '11'), 120115)
(('BROOKLYN', '12'), 117619)
(('MANHATTAN', '01'), 99252)
(('MANHATTAN', '02'), 87472)
(('MANHATTAN', '03'), 100993)
(('MANHATTAN', '04'), 99025)
(('MANHATTAN', '05'), 105984)
(('MANHATTAN', '06'), 104538)
(('MANHATTAN', '07'), 107058)
(('MANHATTAN', '08'), 107960)
(('MANHATTAN', '09'), 104013)
(('MANHATTAN', '10'), 106323)
(('MANHATTAN', '11'), 97250)
(('MANHATTAN', '12'), 96239)
(('QUEENS', '01'), 82446)
(('QUEENS', '02'), 72589)
(('QUEENS', '03'), 83368)
(('QUEENS', '04'), 81859)
(('QUEENS', '05'), 88304)
(('QUEENS', '06'), 86800)
(('QUEENS', '07'), 90471)
(('QUEENS', '08'), 89914)
(('QUEENS', '09'), 85980)
(('QUEENS', '10'), 88009)
(('QUEENS', '11'), 80893)
(('QUEENS', '12'), 80199)
(('STATEN ISLAND', '01'), 19110)
(('STATEN ISLAND', '02'), 17173)
(('STATEN ISLAND', '03'), 20370)
(('STATEN ISLAND', '04'), 19955)
(('STATEN ISLAND', '05'), 21432)
(('STATEN ISLAND', '06'), 21530)
(('STATEN ISLAND', '07'), 21560)
(('STATEN ISLAND', '08'), 21531)
(('STATEN ISLAND', '09'), 21457)
(('STATEN ISLAND', '10'), 21630)
(('STATEN ISLAND', '11'), 19337)
(('STATEN ISLAND', '12'), 18683)
