('ABORTION', '01', 1)
('ABORTION', '02', 1)
('ABORTION', '08', 1)
('ABORTION', '09', 1)
('ADMINISTRATIVE CODE', '01', 954)
('ADMINISTRATIVE CODE', '02', 846)
('ADMINISTRATIVE CODE', '03', 885)
('ADMINISTRATIVE CODE', '04', 878)
('ADMINISTRATIVE CODE', '05', 949)
('ADMINISTRATIVE CODE', '06', 964)
('ADMINISTRATIVE CODE', '07', 1036)
('ADMINISTRATIVE CODE', '08', 1102)
('ADMINISTRATIVE CODE', '09', 1017)
('ADMINISTRATIVE CODE', '10', 1004)
('ADMINISTRATIVE CODE', '11', 879)
('ADMINISTRATIVE CODE', '12', 865)
('ADMINISTRATIVE CODES', '01', 1)
('ADMINISTRATIVE CODES', '02', 1)
('ADMINISTRATIVE CODES', '03', 1)
('ADMINISTRATIVE CODES', '05', 1)
('ADMINISTRATIVE CODES', '06', 2)
('ADMINISTRATIVE CODES', '07', 1)
('ADMINISTRATIVE CODES', '08', 1)
('ADMINISTRATIVE CODES', '09', 2)
('ADMINISTRATIVE CODES', '10', 4)
('ADMINISTRATIVE CODES', '11', 3)
('ADMINISTRATIVE CODES', '12', 1)
('AGRICULTURE & MRKTS LAW-UNCLASSIFIED', '04', 1)
('AGRICULTURE & MRKTS LAW-UNCLASSIFIED', '05', 9)
('AGRICULTURE & MRKTS LAW-UNCLASSIFIED', '06', 14)
('AGRICULTURE & MRKTS LAW-UNCLASSIFIED', '07', 10)
('AGRICULTURE & MRKTS LAW-UNCLASSIFIED', '08', 11)
('AGRICULTURE & MRKTS LAW-UNCLASSIFIED', '09', 10)
('AGRICULTURE & MRKTS LAW-UNCLASSIFIED', '10', 6)
('AGRICULTURE & MRKTS LAW-UNCLASSIFIED', '11', 7)
('AGRICULTURE & MRKTS LAW-UNCLASSIFIED', '12', 15)
('ALCOHOLIC BEVERAGE CONTROL LAW', '01', 60)
('ALCOHOLIC BEVERAGE CONTROL LAW', '02', 72)
('ALCOHOLIC BEVERAGE CONTROL LAW', '03', 67)
('ALCOHOLIC BEVERAGE CONTROL LAW', '04', 63)
('ALCOHOLIC BEVERAGE CONTROL LAW', '05', 48)
('ALCOHOLIC BEVERAGE CONTROL LAW', '06', 68)
('ALCOHOLIC BEVERAGE CONTROL LAW', '07', 65)
('ALCOHOLIC BEVERAGE CONTROL LAW', '08', 46)
('ALCOHOLIC BEVERAGE CONTROL LAW', '09', 62)
('ALCOHOLIC BEVERAGE CONTROL LAW', '10', 69)
('ALCOHOLIC BEVERAGE CONTROL LAW', '11', 76)
('ALCOHOLIC BEVERAGE CONTROL LAW', '12', 54)
('ANTICIPATORY OFFENSES', '01', 6)
('ANTICIPATORY OFFENSES', '02', 8)
('ANTICIPATORY OFFENSES', '03', 6)
('ANTICIPATORY OFFENSES', '04', 6)
('ANTICIPATORY OFFENSES', '05', 8)
('ANTICIPATORY OFFENSES', '06', 5)
('ANTICIPATORY OFFENSES', '07', 9)
('ANTICIPATORY OFFENSES', '08', 8)
('ANTICIPATORY OFFENSES', '09', 8)
('ANTICIPATORY OFFENSES', '10', 11)
('ANTICIPATORY OFFENSES', '11', 8)
('ANTICIPATORY OFFENSES', '12', 12)
('ARSON', '01', 1419)
('ARSON', '02', 1155)
('ARSON', '03', 1264)
('ARSON', '04', 1097)
('ARSON', '05', 1136)
('ARSON', '06', 965)
('ARSON', '07', 1089)
('ARSON', '08', 1071)
('ARSON', '09', 1148)
('ARSON', '10', 1236)
('ARSON', '11', 1213)
('ARSON', '12', 1188)
('ASSAULT 3 & RELATED OFFENSES', '01', 39931)
('ASSAULT 3 & RELATED OFFENSES', '02', 36754)
('ASSAULT 3 & RELATED OFFENSES', '03', 44037)
('ASSAULT 3 & RELATED OFFENSES', '04', 43142)
('ASSAULT 3 & RELATED OFFENSES', '05', 48882)
('ASSAULT 3 & RELATED OFFENSES', '06', 47660)
('ASSAULT 3 & RELATED OFFENSES', '07', 48444)
('ASSAULT 3 & RELATED OFFENSES', '08', 46644)
('ASSAULT 3 & RELATED OFFENSES', '09', 44199)
('ASSAULT 3 & RELATED OFFENSES', '10', 43098)
('ASSAULT 3 & RELATED OFFENSES', '11', 39816)
('ASSAULT 3 & RELATED OFFENSES', '12', 38887)
("BURGLAR'S TOOLS", '01', 187)
("BURGLAR'S TOOLS", '02', 167)
("BURGLAR'S TOOLS", '03', 198)
("BURGLAR'S TOOLS", '04', 187)
("BURGLAR'S TOOLS", '05', 192)
("BURGLAR'S TOOLS", '06', 206)
("BURGLAR'S TOOLS", '07', 224)
("BURGLAR'S TOOLS", '08', 249)
("BURGLAR'S TOOLS", '09', 240)
("BURGLAR'S TOOLS", '10', 236)
("BURGLAR'S TOOLS", '11', 220)
("BURGLAR'S TOOLS", '12', 171)
('BURGLARY', '01', 15826)
('BURGLARY', '02', 13037)
('BURGLARY', '03', 13992)
('BURGLARY', '04', 13808)
('BURGLARY', '05', 15765)
('BURGLARY', '06', 15625)
('BURGLARY', '07', 17135)
('BURGLARY', '08', 17800)
('BURGLARY', '09', 16814)
('BURGLARY', '10', 17757)
('BURGLARY', '11', 16528)
('BURGLARY', '12', 17288)
('CHILD ABANDONMENT/NON SUPPORT', '01', 22)
('CHILD ABANDONMENT/NON SUPPORT', '02', 23)
('CHILD ABANDONMENT/NON SUPPORT', '03', 30)
('CHILD ABANDONMENT/NON SUPPORT', '04', 31)
('CHILD ABANDONMENT/NON SUPPORT', '05', 29)
('CHILD ABANDONMENT/NON SUPPORT', '06', 53)
('CHILD ABANDONMENT/NON SUPPORT', '07', 37)
('CHILD ABANDONMENT/NON SUPPORT', '08', 30)
('CHILD ABANDONMENT/NON SUPPORT', '09', 29)
('CHILD ABANDONMENT/NON SUPPORT', '10', 27)
('CHILD ABANDONMENT/NON SUPPORT', '11', 27)
('CHILD ABANDONMENT/NON SUPPORT', '12', 29)
('CRIMINAL MISCHIEF & RELATED OF', '01', 41801)
('CRIMINAL MISCHIEF & RELATED OF', '02', 35140)
('CRIMINAL MISCHIEF & RELATED OF', '03', 42729)
('CRIMINAL MISCHIEF & RELATED OF', '04', 42917)
('CRIMINAL MISCHIEF & RELATED OF', '05', 44366)
('CRIMINAL MISCHIEF & RELATED OF', '06', 44504)
('CRIMINAL MISCHIEF & RELATED OF', '07', 45645)
('CRIMINAL MISCHIEF & RELATED OF', '08', 45353)
('CRIMINAL MISCHIEF & RELATED OF', '09', 41665)
('CRIMINAL MISCHIEF & RELATED OF', '10', 44117)
('CRIMINAL MISCHIEF & RELATED OF', '11', 39405)
('CRIMINAL MISCHIEF & RELATED OF', '12', 38043)
('CRIMINAL TRESPASS', '01', 7458)
('CRIMINAL TRESPASS', '02', 7091)
('CRIMINAL TRESPASS', '03', 7086)
('CRIMINAL TRESPASS', '04', 6025)
('CRIMINAL TRESPASS', '05', 5466)
('CRIMINAL TRESPASS', '06', 4630)
('CRIMINAL TRESPASS', '07', 4309)
('CRIMINAL TRESPASS', '08', 4490)
('CRIMINAL TRESPASS', '09', 4369)
('CRIMINAL TRESPASS', '10', 5295)
('CRIMINAL TRESPASS', '11', 5208)
('CRIMINAL TRESPASS', '12', 5116)
('DANGEROUS DRUGS', '01', 30288)
('DANGEROUS DRUGS', '02', 28928)
('DANGEROUS DRUGS', '03', 31395)
('DANGEROUS DRUGS', '04', 30323)
('DANGEROUS DRUGS', '05', 30380)
('DANGEROUS DRUGS', '06', 27798)
('DANGEROUS DRUGS', '07', 28843)
('DANGEROUS DRUGS', '08', 31102)
('DANGEROUS DRUGS', '09', 29794)
('DANGEROUS DRUGS', '10', 30841)
('DANGEROUS DRUGS', '11', 26083)
('DANGEROUS DRUGS', '12', 22691)
('DANGEROUS WEAPONS', '01', 11396)
('DANGEROUS WEAPONS', '02', 9953)
('DANGEROUS WEAPONS', '03', 10960)
('DANGEROUS WEAPONS', '04', 10615)
('DANGEROUS WEAPONS', '05', 10920)
('DANGEROUS WEAPONS', '06', 10066)
('DANGEROUS WEAPONS', '07', 10551)
('DANGEROUS WEAPONS', '08', 10837)
('DANGEROUS WEAPONS', '09', 10361)
('DANGEROUS WEAPONS', '10', 10911)
('DANGEROUS WEAPONS', '11', 9503)
('DANGEROUS WEAPONS', '12', 8159)
('DISORDERLY CONDUCT', '01', 68)
('DISORDERLY CONDUCT', '02', 67)
('DISORDERLY CONDUCT', '03', 64)
('DISORDERLY CONDUCT', '04', 68)
('DISORDERLY CONDUCT', '05', 95)
('DISORDERLY CONDUCT', '06', 64)
('DISORDERLY CONDUCT', '07', 63)
('DISORDERLY CONDUCT', '08', 64)
('DISORDERLY CONDUCT', '09', 71)
('DISORDERLY CONDUCT', '10', 76)
('DISORDERLY CONDUCT', '11', 78)
('DISORDERLY CONDUCT', '12', 50)
('DISRUPTION OF A RELIGIOUS SERV', '01', 1)
('DISRUPTION OF A RELIGIOUS SERV', '02', 2)
('DISRUPTION OF A RELIGIOUS SERV', '03', 5)
('DISRUPTION OF A RELIGIOUS SERV', '04', 10)
('DISRUPTION OF A RELIGIOUS SERV', '05', 3)
('DISRUPTION OF A RELIGIOUS SERV', '06', 3)
('DISRUPTION OF A RELIGIOUS SERV', '07', 5)
('DISRUPTION OF A RELIGIOUS SERV', '08', 1)
('DISRUPTION OF A RELIGIOUS SERV', '09', 6)
('DISRUPTION OF A RELIGIOUS SERV', '10', 4)
('DISRUPTION OF A RELIGIOUS SERV', '11', 5)
('DISRUPTION OF A RELIGIOUS SERV', '12', 2)
('ENDAN WELFARE INCOMP', '01', 10)
('ENDAN WELFARE INCOMP', '02', 11)
('ENDAN WELFARE INCOMP', '03', 17)
('ENDAN WELFARE INCOMP', '04', 9)
('ENDAN WELFARE INCOMP', '05', 15)
('ENDAN WELFARE INCOMP', '06', 11)
('ENDAN WELFARE INCOMP', '07', 10)
('ENDAN WELFARE INCOMP', '08', 13)
('ENDAN WELFARE INCOMP', '09', 13)
('ENDAN WELFARE INCOMP', '10', 14)
('ENDAN WELFARE INCOMP', '11', 7)
('ENDAN WELFARE INCOMP', '12', 14)
('ESCAPE 3', '01', 6)
('ESCAPE 3', '02', 12)
('ESCAPE 3', '03', 10)
('ESCAPE 3', '04', 19)
('ESCAPE 3', '05', 10)
('ESCAPE 3', '06', 20)
('ESCAPE 3', '07', 12)
('ESCAPE 3', '08', 23)
('ESCAPE 3', '09', 16)
('ESCAPE 3', '10', 16)
('ESCAPE 3', '11', 17)
('ESCAPE 3', '12', 6)
('FELONY ASSAULT', '01', 13541)
('FELONY ASSAULT', '02', 11768)
('FELONY ASSAULT', '03', 14501)
('FELONY ASSAULT', '04', 14774)
('FELONY ASSAULT', '05', 17187)
('FELONY ASSAULT', '06', 17337)
('FELONY ASSAULT', '07', 17999)
('FELONY ASSAULT', '08', 17319)
('FELONY ASSAULT', '09', 16008)
('FELONY ASSAULT', '10', 15472)
('FELONY ASSAULT', '11', 14280)
('FELONY ASSAULT', '12', 13878)
('FORGERY', '01', 4370)
('FORGERY', '02', 4261)
('FORGERY', '03', 4865)
('FORGERY', '04', 4417)
('FORGERY', '05', 4270)
('FORGERY', '06', 3864)
('FORGERY', '07', 3927)
('FORGERY', '08', 3949)
('FORGERY', '09', 3699)
('FORGERY', '10', 4226)
('FORGERY', '11', 3890)
('FORGERY', '12', 3562)
('FORTUNE TELLING', '01', 2)
('FORTUNE TELLING', '04', 1)
('FORTUNE TELLING', '05', 2)
('FORTUNE TELLING', '06', 1)
('FORTUNE TELLING', '07', 1)
('FORTUNE TELLING', '08', 3)
('FORTUNE TELLING', '09', 1)
('FRAUDS', '01', 3131)
('FRAUDS', '02', 2684)
('FRAUDS', '03', 3063)
('FRAUDS', '04', 2781)
('FRAUDS', '05', 2553)
('FRAUDS', '06', 2640)
('FRAUDS', '07', 2618)
('FRAUDS', '08', 2620)
('FRAUDS', '09', 2554)
('FRAUDS', '10', 2661)
('FRAUDS', '11', 2360)
('FRAUDS', '12', 2382)
('FRAUDULENT ACCOSTING', '01', 230)
('FRAUDULENT ACCOSTING', '02', 196)
('FRAUDULENT ACCOSTING', '03', 250)
('FRAUDULENT ACCOSTING', '04', 214)
('FRAUDULENT ACCOSTING', '05', 201)
('FRAUDULENT ACCOSTING', '06', 180)
('FRAUDULENT ACCOSTING', '07', 223)
('FRAUDULENT ACCOSTING', '08', 230)
('FRAUDULENT ACCOSTING', '09', 226)
('FRAUDULENT ACCOSTING', '10', 233)
('FRAUDULENT ACCOSTING', '11', 238)
('FRAUDULENT ACCOSTING', '12', 223)
('GAMBLING', '01', 72)
('GAMBLING', '02', 108)
('GAMBLING', '03', 113)
('GAMBLING', '04', 147)
('GAMBLING', '05', 206)
('GAMBLING', '06', 220)
('GAMBLING', '07', 228)
('GAMBLING', '08', 287)
('GAMBLING', '09', 250)
('GAMBLING', '10', 195)
('GAMBLING', '11', 117)
('GAMBLING', '12', 80)
('GRAND LARCENY', '01', 33548)
('GRAND LARCENY', '02', 28271)
('GRAND LARCENY', '03', 32646)
('GRAND LARCENY', '04', 32715)
('GRAND LARCENY', '05', 35840)
('GRAND LARCENY', '06', 36614)
('GRAND LARCENY', '07', 38104)
('GRAND LARCENY', '08', 38854)
('GRAND LARCENY', '09', 37794)
('GRAND LARCENY', '10', 39065)
('GRAND LARCENY', '11', 36777)
('GRAND LARCENY', '12', 38873)
('GRAND LARCENY OF MOTOR VEHICLE', '01', 8296)
('GRAND LARCENY OF MOTOR VEHICLE', '02', 6619)
('GRAND LARCENY OF MOTOR VEHICLE', '03', 7578)
('GRAND LARCENY OF MOTOR VEHICLE', '04', 7851)
('GRAND LARCENY OF MOTOR VEHICLE', '05', 8666)
('GRAND LARCENY OF MOTOR VEHICLE', '06', 8486)
('GRAND LARCENY OF MOTOR VEHICLE', '07', 9370)
('GRAND LARCENY OF MOTOR VEHICLE', '08', 9712)
('GRAND LARCENY OF MOTOR VEHICLE', '09', 9456)
('GRAND LARCENY OF MOTOR VEHICLE', '10', 9268)
('GRAND LARCENY OF MOTOR VEHICLE', '11', 8283)
('GRAND LARCENY OF MOTOR VEHICLE', '12', 8456)
('HARRASSMENT 2', '01', 47160)
('HARRASSMENT 2', '02', 41720)
('HARRASSMENT 2', '03', 49474)
('HARRASSMENT 2', '04', 49270)
('HARRASSMENT 2', '05', 54663)
('HARRASSMENT 2', '06', 54623)
('HARRASSMENT 2', '07', 54943)
('HARRASSMENT 2', '08', 52902)
('HARRASSMENT 2', '09', 54060)
('HARRASSMENT 2', '10', 52539)
('HARRASSMENT 2', '11', 47207)
('HARRASSMENT 2', '12', 45420)
('HOMICIDE-NEGLIGENT,UNCLASSIFIE', '01', 2)
('HOMICIDE-NEGLIGENT,UNCLASSIFIE', '02', 3)
('HOMICIDE-NEGLIGENT,UNCLASSIFIE', '03', 4)
('HOMICIDE-NEGLIGENT,UNCLASSIFIE', '04', 2)
('HOMICIDE-NEGLIGENT,UNCLASSIFIE', '05', 3)
('HOMICIDE-NEGLIGENT,UNCLASSIFIE', '06', 1)
('HOMICIDE-NEGLIGENT,UNCLASSIFIE', '07', 4)
('HOMICIDE-NEGLIGENT,UNCLASSIFIE', '08', 1)
('HOMICIDE-NEGLIGENT,UNCLASSIFIE', '09', 6)
('HOMICIDE-NEGLIGENT,UNCLASSIFIE', '11', 4)
('HOMICIDE-NEGLIGENT,UNCLASSIFIE', '12', 3)
('HOMICIDE-NEGLIGENT-VEHICLE', '01', 6)
('HOMICIDE-NEGLIGENT-VEHICLE', '02', 11)
('HOMICIDE-NEGLIGENT-VEHICLE', '03', 4)
('HOMICIDE-NEGLIGENT-VEHICLE', '04', 9)
('HOMICIDE-NEGLIGENT-VEHICLE', '05', 9)
('HOMICIDE-NEGLIGENT-VEHICLE', '06', 7)
('HOMICIDE-NEGLIGENT-VEHICLE', '07', 4)
('HOMICIDE-NEGLIGENT-VEHICLE', '08', 5)
('HOMICIDE-NEGLIGENT-VEHICLE', '09', 10)
('HOMICIDE-NEGLIGENT-VEHICLE', '10', 13)
('HOMICIDE-NEGLIGENT-VEHICLE', '11', 8)
('HOMICIDE-NEGLIGENT-VEHICLE', '12', 7)
('INTOXICATED & IMPAIRED DRIVING', '01', 6190)
('INTOXICATED & IMPAIRED DRIVING', '02', 6257)
('INTOXICATED & IMPAIRED DRIVING', '03', 7110)
('INTOXICATED & IMPAIRED DRIVING', '04', 6517)
('INTOXICATED & IMPAIRED DRIVING', '05', 6500)
('INTOXICATED & IMPAIRED DRIVING', '06', 5472)
('INTOXICATED & IMPAIRED DRIVING', '07', 5738)
('INTOXICATED & IMPAIRED DRIVING', '08', 6085)
('INTOXICATED & IMPAIRED DRIVING', '09', 5670)
('INTOXICATED & IMPAIRED DRIVING', '10', 6431)
('INTOXICATED & IMPAIRED DRIVING', '11', 6209)
('INTOXICATED & IMPAIRED DRIVING', '12', 5548)
('INTOXICATED/IMPAIRED DRIVING', '01', 3)
('INTOXICATED/IMPAIRED DRIVING', '02', 7)
('INTOXICATED/IMPAIRED DRIVING', '03', 3)
('INTOXICATED/IMPAIRED DRIVING', '04', 7)
('INTOXICATED/IMPAIRED DRIVING', '05', 8)
('INTOXICATED/IMPAIRED DRIVING', '06', 6)
('INTOXICATED/IMPAIRED DRIVING', '07', 2)
('INTOXICATED/IMPAIRED DRIVING', '08', 2)
('INTOXICATED/IMPAIRED DRIVING', '09', 3)
('INTOXICATED/IMPAIRED DRIVING', '11', 7)
('JOSTLING', '01', 25)
('JOSTLING', '02', 22)
('JOSTLING', '03', 25)
('JOSTLING', '04', 20)
('JOSTLING', '05', 34)
('JOSTLING', '06', 31)
('JOSTLING', '07', 24)
('JOSTLING', '08', 16)
('JOSTLING', '09', 31)
('JOSTLING', '10', 34)
('JOSTLING', '11', 22)
('JOSTLING', '12', 15)
('KIDNAPPING', '06', 1)
('KIDNAPPING', '09', 1)
('KIDNAPPING & RELATED OFFENSES', '01', 185)
('KIDNAPPING & RELATED OFFENSES', '02', 169)
('KIDNAPPING & RELATED OFFENSES', '03', 191)
('KIDNAPPING & RELATED OFFENSES', '04', 208)
('KIDNAPPING & RELATED OFFENSES', '05', 209)
('KIDNAPPING & RELATED OFFENSES', '06', 210)
('KIDNAPPING & RELATED OFFENSES', '07', 217)
('KIDNAPPING & RELATED OFFENSES', '08', 237)
('KIDNAPPING & RELATED OFFENSES', '09', 165)
('KIDNAPPING & RELATED OFFENSES', '10', 203)
('KIDNAPPING & RELATED OFFENSES', '11', 145)
('KIDNAPPING & RELATED OFFENSES', '12', 161)
('KIDNAPPING AND RELATED OFFENSES', '07', 1)
('KIDNAPPING AND RELATED OFFENSES', '10', 1)
('LOITERING', '01', 1)
('LOITERING', '02', 1)
('LOITERING', '03', 2)
('LOITERING', '04', 2)
('LOITERING', '05', 1)
('LOITERING', '06', 2)
('LOITERING', '07', 6)
('LOITERING', '09', 1)
('LOITERING', '10', 2)
('LOITERING', '11', 1)
('LOITERING', '12', 1)
('LOITERING FOR DRUG PURPOSES', '01', 8)
('LOITERING FOR DRUG PURPOSES', '03', 3)
('LOITERING FOR DRUG PURPOSES', '07', 4)
('LOITERING FOR DRUG PURPOSES', '10', 3)
('LOITERING FOR DRUG PURPOSES', '12', 5)
('LOITERING/DEVIATE SEX', '03', 7)
('LOITERING/DEVIATE SEX', '04', 1)
('LOITERING/DEVIATE SEX', '05', 1)
('LOITERING/DEVIATE SEX', '06', 2)
('LOITERING/DEVIATE SEX', '09', 2)
('LOITERING/DEVIATE SEX', '11', 2)
('LOITERING/DEVIATE SEX', '12', 1)
('LOITERING/GAMBLING (CARDS, DIC', '01', 9)
('LOITERING/GAMBLING (CARDS, DIC', '02', 8)
('LOITERING/GAMBLING (CARDS, DIC', '03', 4)
('LOITERING/GAMBLING (CARDS, DIC', '04', 20)
('LOITERING/GAMBLING (CARDS, DIC', '05', 19)
('LOITERING/GAMBLING (CARDS, DIC', '06', 25)
('LOITERING/GAMBLING (CARDS, DIC', '07', 20)
('LOITERING/GAMBLING (CARDS, DIC', '08', 44)
('LOITERING/GAMBLING (CARDS, DIC', '09', 22)
('LOITERING/GAMBLING (CARDS, DIC', '10', 11)
('LOITERING/GAMBLING (CARDS, DIC', '11', 11)
('LOITERING/GAMBLING (CARDS, DIC', '12', 14)
('MISCELLANEOUS PENAL LAW', '01', 9425)
('MISCELLANEOUS PENAL LAW', '02', 8508)
('MISCELLANEOUS PENAL LAW', '03', 9987)
('MISCELLANEOUS PENAL LAW', '04', 10083)
('MISCELLANEOUS PENAL LAW', '05', 10559)
('MISCELLANEOUS PENAL LAW', '06', 10348)
('MISCELLANEOUS PENAL LAW', '07', 11162)
('MISCELLANEOUS PENAL LAW', '08', 10644)
('MISCELLANEOUS PENAL LAW', '09', 10409)
('MISCELLANEOUS PENAL LAW', '10', 10055)
('MISCELLANEOUS PENAL LAW', '11', 8982)
('MISCELLANEOUS PENAL LAW', '12', 8551)
('MURDER & NON-NEGL. MANSLAUGHTER', '01', 344)
('MURDER & NON-NEGL. MANSLAUGHTER', '02', 269)
('MURDER & NON-NEGL. MANSLAUGHTER', '03', 325)
('MURDER & NON-NEGL. MANSLAUGHTER', '04', 338)
('MURDER & NON-NEGL. MANSLAUGHTER', '05', 398)
('MURDER & NON-NEGL. MANSLAUGHTER', '06', 417)
('MURDER & NON-NEGL. MANSLAUGHTER', '07', 481)
('MURDER & NON-NEGL. MANSLAUGHTER', '08', 438)
('MURDER & NON-NEGL. MANSLAUGHTER', '09', 406)
('MURDER & NON-NEGL. MANSLAUGHTER', '10', 419)
('MURDER & NON-NEGL. MANSLAUGHTER', '11', 343)
('MURDER & NON-NEGL. MANSLAUGHTER', '12', 396)
('NEW YORK CITY HEALTH CODE', '01', 9)
('NEW YORK CITY HEALTH CODE', '02', 7)
('NEW YORK CITY HEALTH CODE', '03', 5)
('NEW YORK CITY HEALTH CODE', '04', 3)
('NEW YORK CITY HEALTH CODE', '05', 5)
('NEW YORK CITY HEALTH CODE', '06', 4)
('NEW YORK CITY HEALTH CODE', '07', 10)
('NEW YORK CITY HEALTH CODE', '08', 8)
('NEW YORK CITY HEALTH CODE', '09', 6)
('NEW YORK CITY HEALTH CODE', '10', 4)
('NEW YORK CITY HEALTH CODE', '11', 9)
('NEW YORK CITY HEALTH CODE', '12', 5)
('NYS LAWS-UNCLASSIFIED FELONY', '01', 349)
('NYS LAWS-UNCLASSIFIED FELONY', '02', 340)
('NYS LAWS-UNCLASSIFIED FELONY', '03', 365)
('NYS LAWS-UNCLASSIFIED FELONY', '04', 331)
('NYS LAWS-UNCLASSIFIED FELONY', '05', 331)
('NYS LAWS-UNCLASSIFIED FELONY', '06', 306)
('NYS LAWS-UNCLASSIFIED FELONY', '07', 288)
('NYS LAWS-UNCLASSIFIED FELONY', '08', 321)
('NYS LAWS-UNCLASSIFIED FELONY', '09', 297)
('NYS LAWS-UNCLASSIFIED FELONY', '10', 306)
('NYS LAWS-UNCLASSIFIED FELONY', '11', 283)
('NYS LAWS-UNCLASSIFIED FELONY', '12', 238)
('NYS LAWS-UNCLASSIFIED VIOLATION', '04', 1)
('NYS LAWS-UNCLASSIFIED VIOLATION', '08', 2)
('NYS LAWS-UNCLASSIFIED VIOLATION', '10', 1)
('NYS LAWS-UNCLASSIFIED VIOLATION', '11', 1)
('NYS LAWS-UNCLASSIFIED VIOLATION', '12', 1)
('OFF. AGNST PUB ORD SENSBLTY &', '01', 24664)
('OFF. AGNST PUB ORD SENSBLTY &', '02', 22098)
('OFF. AGNST PUB ORD SENSBLTY &', '03', 25304)
('OFF. AGNST PUB ORD SENSBLTY &', '04', 24519)
('OFF. AGNST PUB ORD SENSBLTY &', '05', 24509)
('OFF. AGNST PUB ORD SENSBLTY &', '06', 23773)
('OFF. AGNST PUB ORD SENSBLTY &', '07', 23884)
('OFF. AGNST PUB ORD SENSBLTY &', '08', 24183)
('OFF. AGNST PUB ORD SENSBLTY &', '09', 23729)
('OFF. AGNST PUB ORD SENSBLTY &', '10', 23241)
('OFF. AGNST PUB ORD SENSBLTY &', '11', 21670)
('OFF. AGNST PUB ORD SENSBLTY &', '12', 21437)
('OFFENSES AGAINST MARRIAGE UNCL', '01', 1)
('OFFENSES AGAINST MARRIAGE UNCL', '08', 2)
('OFFENSES AGAINST PUBLIC ADMINI', '01', 7474)
('OFFENSES AGAINST PUBLIC ADMINI', '02', 7136)
('OFFENSES AGAINST PUBLIC ADMINI', '03', 8861)
('OFFENSES AGAINST PUBLIC ADMINI', '04', 8714)
('OFFENSES AGAINST PUBLIC ADMINI', '05', 9241)
('OFFENSES AGAINST PUBLIC ADMINI', '06', 8780)
('OFFENSES AGAINST PUBLIC ADMINI', '07', 9063)
('OFFENSES AGAINST PUBLIC ADMINI', '08', 8821)
('OFFENSES AGAINST PUBLIC ADMINI', '09', 8671)
('OFFENSES AGAINST PUBLIC ADMINI', '10', 8664)
('OFFENSES AGAINST PUBLIC ADMINI', '11', 7575)
('OFFENSES AGAINST PUBLIC ADMINI', '12', 7117)
('OFFENSES AGAINST PUBLIC SAFETY', '01', 24)
('OFFENSES AGAINST PUBLIC SAFETY', '02', 14)
('OFFENSES AGAINST PUBLIC SAFETY', '03', 35)
('OFFENSES AGAINST PUBLIC SAFETY', '04', 29)
('OFFENSES AGAINST PUBLIC SAFETY', '05', 53)
('OFFENSES AGAINST PUBLIC SAFETY', '06', 180)
('OFFENSES AGAINST PUBLIC SAFETY', '07', 333)
('OFFENSES AGAINST PUBLIC SAFETY', '08', 27)
('OFFENSES AGAINST PUBLIC SAFETY', '09', 30)
('OFFENSES AGAINST PUBLIC SAFETY', '10', 28)
('OFFENSES AGAINST PUBLIC SAFETY', '11', 28)
('OFFENSES AGAINST PUBLIC SAFETY', '12', 29)
('OFFENSES AGAINST THE PERSON', '01', 862)
('OFFENSES AGAINST THE PERSON', '02', 739)
('OFFENSES AGAINST THE PERSON', '03', 983)
('OFFENSES AGAINST THE PERSON', '04', 1050)
('OFFENSES AGAINST THE PERSON', '05', 1177)
('OFFENSES AGAINST THE PERSON', '06', 1201)
('OFFENSES AGAINST THE PERSON', '07', 1619)
('OFFENSES AGAINST THE PERSON', '08', 1223)
('OFFENSES AGAINST THE PERSON', '09', 999)
('OFFENSES AGAINST THE PERSON', '10', 972)
('OFFENSES AGAINST THE PERSON', '11', 803)
('OFFENSES AGAINST THE PERSON', '12', 709)
('OFFENSES INVOLVING FRAUD', '01', 1453)
('OFFENSES INVOLVING FRAUD', '02', 1415)
('OFFENSES INVOLVING FRAUD', '03', 1675)
('OFFENSES INVOLVING FRAUD', '04', 1616)
('OFFENSES INVOLVING FRAUD', '05', 1550)
('OFFENSES INVOLVING FRAUD', '06', 1436)
('OFFENSES INVOLVING FRAUD', '07', 1428)
('OFFENSES INVOLVING FRAUD', '08', 1468)
('OFFENSES INVOLVING FRAUD', '09', 1350)
('OFFENSES INVOLVING FRAUD', '10', 1543)
('OFFENSES INVOLVING FRAUD', '11', 1459)
('OFFENSES INVOLVING FRAUD', '12', 1344)
('OFFENSES RELATED TO CHILDREN', '01', 167)
('OFFENSES RELATED TO CHILDREN', '02', 110)
('OFFENSES RELATED TO CHILDREN', '03', 154)
('OFFENSES RELATED TO CHILDREN', '04', 86)
('OFFENSES RELATED TO CHILDREN', '05', 99)
('OFFENSES RELATED TO CHILDREN', '06', 136)
('OFFENSES RELATED TO CHILDREN', '07', 100)
('OFFENSES RELATED TO CHILDREN', '08', 114)
('OFFENSES RELATED TO CHILDREN', '09', 117)
('OFFENSES RELATED TO CHILDREN', '10', 102)
('OFFENSES RELATED TO CHILDREN', '11', 93)
('OFFENSES RELATED TO CHILDREN', '12', 68)
('OTHER OFFENSES RELATED TO THEF', '01', 757)
('OTHER OFFENSES RELATED TO THEF', '02', 815)
('OTHER OFFENSES RELATED TO THEF', '03', 814)
('OTHER OFFENSES RELATED TO THEF', '04', 828)
('OTHER OFFENSES RELATED TO THEF', '05', 779)
('OTHER OFFENSES RELATED TO THEF', '06', 835)
('OTHER OFFENSES RELATED TO THEF', '07', 760)
('OTHER OFFENSES RELATED TO THEF', '08', 841)
('OTHER OFFENSES RELATED TO THEF', '09', 808)
('OTHER OFFENSES RELATED TO THEF', '10', 843)
('OTHER OFFENSES RELATED TO THEF', '11', 836)
('OTHER OFFENSES RELATED TO THEF', '12', 813)
('OTHER STATE LAWS', '01', 18)
('OTHER STATE LAWS', '02', 13)
('OTHER STATE LAWS', '03', 26)
('OTHER STATE LAWS', '04', 20)
('OTHER STATE LAWS', '05', 16)
('OTHER STATE LAWS', '06', 25)
('OTHER STATE LAWS', '07', 28)
('OTHER STATE LAWS', '08', 24)
('OTHER STATE LAWS', '09', 22)
('OTHER STATE LAWS', '10', 17)
('OTHER STATE LAWS', '11', 14)
('OTHER STATE LAWS', '12', 10)
('OTHER STATE LAWS (NON PENAL LA', '01', 461)
('OTHER STATE LAWS (NON PENAL LA', '02', 441)
('OTHER STATE LAWS (NON PENAL LA', '03', 492)
('OTHER STATE LAWS (NON PENAL LA', '04', 484)
('OTHER STATE LAWS (NON PENAL LA', '05', 485)
('OTHER STATE LAWS (NON PENAL LA', '06', 482)
('OTHER STATE LAWS (NON PENAL LA', '07', 527)
('OTHER STATE LAWS (NON PENAL LA', '08', 484)
('OTHER STATE LAWS (NON PENAL LA', '09', 439)
('OTHER STATE LAWS (NON PENAL LA', '10', 465)
('OTHER STATE LAWS (NON PENAL LA', '11', 391)
('OTHER STATE LAWS (NON PENAL LA', '12', 354)
('OTHER STATE LAWS (NON PENAL LAW)', '05', 1)
('OTHER STATE LAWS (NON PENAL LAW)', '06', 2)
('OTHER STATE LAWS (NON PENAL LAW)', '07', 1)
('OTHER TRAFFIC INFRACTION', '01', 3)
('OTHER TRAFFIC INFRACTION', '04', 1)
('OTHER TRAFFIC INFRACTION', '05', 1)
('OTHER TRAFFIC INFRACTION', '06', 1)
('OTHER TRAFFIC INFRACTION', '07', 1)
('OTHER TRAFFIC INFRACTION', '08', 1)
('OTHER TRAFFIC INFRACTION', '10', 1)
('OTHER TRAFFIC INFRACTION', '11', 1)
('OTHER TRAFFIC INFRACTION', '12', 3)
('PETIT LARCENY', '01', 63930)
('PETIT LARCENY', '02', 53990)
('PETIT LARCENY', '03', 63925)
('PETIT LARCENY', '04', 64696)
('PETIT LARCENY', '05', 71724)
('PETIT LARCENY', '06', 72043)
('PETIT LARCENY', '07', 76266)
('PETIT LARCENY', '08', 76470)
('PETIT LARCENY', '09', 72246)
('PETIT LARCENY', '10', 73095)
('PETIT LARCENY', '11', 66958)
('PETIT LARCENY', '12', 67039)
('PETIT LARCENY OF MOTOR VEHICLE', '01', 67)
('PETIT LARCENY OF MOTOR VEHICLE', '02', 37)
('PETIT LARCENY OF MOTOR VEHICLE', '03', 68)
('PETIT LARCENY OF MOTOR VEHICLE', '04', 82)
('PETIT LARCENY OF MOTOR VEHICLE', '05', 80)
('PETIT LARCENY OF MOTOR VEHICLE', '06', 93)
('PETIT LARCENY OF MOTOR VEHICLE', '07', 103)
('PETIT LARCENY OF MOTOR VEHICLE', '08', 109)
('PETIT LARCENY OF MOTOR VEHICLE', '09', 77)
('PETIT LARCENY OF MOTOR VEHICLE', '10', 81)
('PETIT LARCENY OF MOTOR VEHICLE', '11', 65)
('PETIT LARCENY OF MOTOR VEHICLE', '12', 46)
('POSSESSION OF STOLEN PROPERTY', '01', 2509)
('POSSESSION OF STOLEN PROPERTY', '02', 2181)
('POSSESSION OF STOLEN PROPERTY', '03', 2420)
('POSSESSION OF STOLEN PROPERTY', '04', 2504)
('POSSESSION OF STOLEN PROPERTY', '05', 2612)
('POSSESSION OF STOLEN PROPERTY', '06', 2509)
('POSSESSION OF STOLEN PROPERTY', '07', 2594)
('POSSESSION OF STOLEN PROPERTY', '08', 2616)
('POSSESSION OF STOLEN PROPERTY', '09', 2456)
('POSSESSION OF STOLEN PROPERTY', '10', 2507)
('POSSESSION OF STOLEN PROPERTY', '11', 2259)
('POSSESSION OF STOLEN PROPERTY', '12', 2321)
('PROSTITUTION & RELATED OFFENSES', '01', 63)
('PROSTITUTION & RELATED OFFENSES', '02', 59)
('PROSTITUTION & RELATED OFFENSES', '03', 86)
('PROSTITUTION & RELATED OFFENSES', '04', 71)
('PROSTITUTION & RELATED OFFENSES', '05', 86)
('PROSTITUTION & RELATED OFFENSES', '06', 61)
('PROSTITUTION & RELATED OFFENSES', '07', 74)
('PROSTITUTION & RELATED OFFENSES', '08', 78)
('PROSTITUTION & RELATED OFFENSES', '09', 69)
('PROSTITUTION & RELATED OFFENSES', '10', 104)
('PROSTITUTION & RELATED OFFENSES', '11', 55)
('PROSTITUTION & RELATED OFFENSES', '12', 36)
('RAPE', '01', 1416)
('RAPE', '02', 922)
('RAPE', '03', 1060)
('RAPE', '04', 1032)
('RAPE', '05', 1087)
('RAPE', '06', 1268)
('RAPE', '07', 1301)
('RAPE', '08', 1268)
('RAPE', '09', 1158)
('RAPE', '10', 1169)
('RAPE', '11', 1077)
('RAPE', '12', 1032)
('ROBBERY', '01', 17132)
('ROBBERY', '02', 12642)
('ROBBERY', '03', 14441)
('ROBBERY', '04', 14089)
('ROBBERY', '05', 16407)
('ROBBERY', '06', 16200)
('ROBBERY', '07', 17525)
('ROBBERY', '08', 17842)
('ROBBERY', '09', 17850)
('ROBBERY', '10', 19185)
('ROBBERY', '11', 17455)
('ROBBERY', '12', 17983)
('SEX CRIMES', '01', 5228)
('SEX CRIMES', '02', 3845)
('SEX CRIMES', '03', 4580)
('SEX CRIMES', '04', 4278)
('SEX CRIMES', '05', 4807)
('SEX CRIMES', '06', 5056)
('SEX CRIMES', '07', 5075)
('SEX CRIMES', '08', 4803)
('SEX CRIMES', '09', 4618)
('SEX CRIMES', '10', 4603)
('SEX CRIMES', '11', 4158)
('SEX CRIMES', '12', 3908)
('THEFT OF SERVICES', '01', 265)
('THEFT OF SERVICES', '02', 229)
('THEFT OF SERVICES', '03', 256)
('THEFT OF SERVICES', '04', 234)
('THEFT OF SERVICES', '05', 259)
('THEFT OF SERVICES', '06', 214)
('THEFT OF SERVICES', '07', 209)
('THEFT OF SERVICES', '08', 231)
('THEFT OF SERVICES', '09', 257)
('THEFT OF SERVICES', '10', 230)
('THEFT OF SERVICES', '11', 205)
('THEFT OF SERVICES', '12', 189)
('THEFT-FRAUD', '01', 5903)
('THEFT-FRAUD', '02', 5085)
('THEFT-FRAUD', '03', 5445)
('THEFT-FRAUD', '04', 5016)
('THEFT-FRAUD', '05', 4668)
('THEFT-FRAUD', '06', 4378)
('THEFT-FRAUD', '07', 4254)
('THEFT-FRAUD', '08', 4311)
('THEFT-FRAUD', '09', 4382)
('THEFT-FRAUD', '10', 4474)
('THEFT-FRAUD', '11', 4236)
('THEFT-FRAUD', '12', 4588)
('UNAUTHORIZED USE OF A VEHICLE', '01', 1064)
('UNAUTHORIZED USE OF A VEHICLE', '02', 1002)
('UNAUTHORIZED USE OF A VEHICLE', '03', 1088)
('UNAUTHORIZED USE OF A VEHICLE', '04', 1091)
('UNAUTHORIZED USE OF A VEHICLE', '05', 1205)
('UNAUTHORIZED USE OF A VEHICLE', '06', 1167)
('UNAUTHORIZED USE OF A VEHICLE', '07', 1371)
('UNAUTHORIZED USE OF A VEHICLE', '08', 1358)
('UNAUTHORIZED USE OF A VEHICLE', '09', 1215)
('UNAUTHORIZED USE OF A VEHICLE', '10', 1157)
('UNAUTHORIZED USE OF A VEHICLE', '11', 1055)
('UNAUTHORIZED USE OF A VEHICLE', '12', 1049)
('UNDER THE INFLUENCE OF DRUGS', '03', 1)
('UNDER THE INFLUENCE OF DRUGS', '04', 1)
('UNDER THE INFLUENCE OF DRUGS', '07', 1)
('UNLAWFUL POSS. WEAP. ON SCHOOL', '01', 5)
('UNLAWFUL POSS. WEAP. ON SCHOOL', '02', 2)
('UNLAWFUL POSS. WEAP. ON SCHOOL', '03', 7)
('UNLAWFUL POSS. WEAP. ON SCHOOL', '04', 7)
('UNLAWFUL POSS. WEAP. ON SCHOOL', '05', 7)
('UNLAWFUL POSS. WEAP. ON SCHOOL', '06', 6)
('UNLAWFUL POSS. WEAP. ON SCHOOL', '07', 1)
('UNLAWFUL POSS. WEAP. ON SCHOOL', '08', 1)
('UNLAWFUL POSS. WEAP. ON SCHOOL', '09', 3)
('UNLAWFUL POSS. WEAP. ON SCHOOL', '10', 7)
('UNLAWFUL POSS. WEAP. ON SCHOOL', '11', 7)
('UNLAWFUL POSS. WEAP. ON SCHOOL', '12', 6)
('VEHICLE AND TRAFFIC LAWS', '01', 4584)
('VEHICLE AND TRAFFIC LAWS', '02', 4454)
('VEHICLE AND TRAFFIC LAWS', '03', 5064)
('VEHICLE AND TRAFFIC LAWS', '04', 4910)
('VEHICLE AND TRAFFIC LAWS', '05', 5306)
('VEHICLE AND TRAFFIC LAWS', '06', 5076)
('VEHICLE AND TRAFFIC LAWS', '07', 4943)
('VEHICLE AND TRAFFIC LAWS', '08', 5076)
('VEHICLE AND TRAFFIC LAWS', '09', 4936)
('VEHICLE AND TRAFFIC LAWS', '10', 5176)
('VEHICLE AND TRAFFIC LAWS', '11', 4793)
('VEHICLE AND TRAFFIC LAWS', '12', 4812)
