('ABORTION', 'QUEENS', 3)
('ABORTION', 'STATEN ISLAND', 1)
('ADMINISTRATIVE CODE', 'BRONX', 2179)
('ADMINISTRATIVE CODE', 'BROOKLYN', 4020)
('ADMINISTRATIVE CODE', 'MANHATTAN', 1636)
('ADMINISTRATIVE CODE', 'QUEENS', 3023)
('ADMINISTRATIVE CODE', 'STATEN ISLAND', 525)
('ADMINISTRATIVE CODES', 'BRONX', 1)
('ADMINISTRATIVE CODES', 'BROOKLYN', 4)
('ADMINISTRATIVE CODES', 'MANHATTAN', 3)
('ADMINISTRATIVE CODES', 'QUEENS', 10)
('AGRICULTURE & MRKTS LAW-UNCLASSIFIED', 'BRONX', 29)
('AGRICULTURE & MRKTS LAW-UNCLASSIFIED', 'BROOKLYN', 19)
('AGRICULTURE & MRKTS LAW-UNCLASSIFIED', 'MANHATTAN', 16)
('AGRICULTURE & MRKTS LAW-UNCLASSIFIED', 'QUEENS', 13)
('AGRICULTURE & MRKTS LAW-UNCLASSIFIED', 'STATEN ISLAND', 6)
('ALCOHOLIC BEVERAGE CONTROL LAW', 'BRONX', 347)
('ALCOHOLIC BEVERAGE CONTROL LAW', 'BROOKLYN', 121)
('ALCOHOLIC BEVERAGE CONTROL LAW', 'MANHATTAN', 157)
('ALCOHOLIC BEVERAGE CONTROL LAW', 'QUEENS', 100)
('ALCOHOLIC BEVERAGE CONTROL LAW', 'STATEN ISLAND', 25)
('ANTICIPATORY OFFENSES', 'BRONX', 20)
('ANTICIPATORY OFFENSES', 'BROOKLYN', 31)
('ANTICIPATORY OFFENSES', 'MANHATTAN', 29)
('ANTICIPATORY OFFENSES', 'QUEENS', 12)
('ANTICIPATORY OFFENSES', 'STATEN ISLAND', 3)
('ARSON', 'BRONX', 3841)
('ARSON', 'BROOKLYN', 4878)
('ARSON', 'MANHATTAN', 2086)
('ARSON', 'QUEENS', 2370)
('ARSON', 'STATEN ISLAND', 809)
('ASSAULT 3 & RELATED OFFENSES', 'BRONX', 126302)
('ASSAULT 3 & RELATED OFFENSES', 'BROOKLYN', 167847)
('ASSAULT 3 & RELATED OFFENSES', 'MANHATTAN', 99083)
('ASSAULT 3 & RELATED OFFENSES', 'QUEENS', 105115)
('ASSAULT 3 & RELATED OFFENSES', 'STATEN ISLAND', 23166)
("BURGLAR'S TOOLS", 'BRONX', 240)
("BURGLAR'S TOOLS", 'BROOKLYN', 756)
("BURGLAR'S TOOLS", 'MANHATTAN', 891)
("BURGLAR'S TOOLS", 'QUEENS', 525)
("BURGLAR'S TOOLS", 'STATEN ISLAND', 65)
('BURGLARY', 'BRONX', 33637)
('BURGLARY', 'BROOKLYN', 65957)
('BURGLARY', 'MANHATTAN', 35125)
('BURGLARY', 'QUEENS', 49720)
('BURGLARY', 'STATEN ISLAND', 6935)
('CHILD ABANDONMENT/NON SUPPORT', 'BRONX', 114)
('CHILD ABANDONMENT/NON SUPPORT', 'BROOKLYN', 109)
('CHILD ABANDONMENT/NON SUPPORT', 'MANHATTAN', 67)
('CHILD ABANDONMENT/NON SUPPORT', 'QUEENS', 69)
('CHILD ABANDONMENT/NON SUPPORT', 'STATEN ISLAND', 8)
('CRIMINAL MISCHIEF & RELATED OF', 'BRONX', 103284)
('CRIMINAL MISCHIEF & RELATED OF', 'BROOKLYN', 157719)
('CRIMINAL MISCHIEF & RELATED OF', 'MANHATTAN', 90359)
('CRIMINAL MISCHIEF & RELATED OF', 'QUEENS', 119080)
('CRIMINAL MISCHIEF & RELATED OF', 'STATEN ISLAND', 35316)
('CRIMINAL TRESPASS', 'BRONX', 22759)
('CRIMINAL TRESPASS', 'BROOKLYN', 10533)
('CRIMINAL TRESPASS', 'MANHATTAN', 22652)
('CRIMINAL TRESPASS', 'QUEENS', 9182)
('CRIMINAL TRESPASS', 'STATEN ISLAND', 1416)
('DANGEROUS DRUGS', 'BRONX', 132599)
('DANGEROUS DRUGS', 'BROOKLYN', 105045)
('DANGEROUS DRUGS', 'MANHATTAN', 78285)
('DANGEROUS DRUGS', 'QUEENS', 21186)
('DANGEROUS DRUGS', 'STATEN ISLAND', 11352)
('DANGEROUS WEAPONS', 'BRONX', 37070)
('DANGEROUS WEAPONS', 'BROOKLYN', 34747)
('DANGEROUS WEAPONS', 'MANHATTAN', 24287)
('DANGEROUS WEAPONS', 'QUEENS', 23685)
('DANGEROUS WEAPONS', 'STATEN ISLAND', 4446)
('DISORDERLY CONDUCT', 'BRONX', 225)
('DISORDERLY CONDUCT', 'BROOKLYN', 284)
('DISORDERLY CONDUCT', 'MANHATTAN', 231)
('DISORDERLY CONDUCT', 'QUEENS', 67)
('DISORDERLY CONDUCT', 'STATEN ISLAND', 22)
('DISRUPTION OF A RELIGIOUS SERV', 'BRONX', 4)
('DISRUPTION OF A RELIGIOUS SERV', 'BROOKLYN', 20)
('DISRUPTION OF A RELIGIOUS SERV', 'MANHATTAN', 11)
('DISRUPTION OF A RELIGIOUS SERV', 'QUEENS', 12)
('ENDAN WELFARE INCOMP', 'BRONX', 28)
('ENDAN WELFARE INCOMP', 'BROOKLYN', 48)
('ENDAN WELFARE INCOMP', 'MANHATTAN', 25)
('ENDAN WELFARE INCOMP', 'QUEENS', 40)
('ENDAN WELFARE INCOMP', 'STATEN ISLAND', 3)
('ESCAPE 3', 'BRONX', 51)
('ESCAPE 3', 'BROOKLYN', 46)
('ESCAPE 3', 'MANHATTAN', 39)
('ESCAPE 3', 'QUEENS', 25)
('ESCAPE 3', 'STATEN ISLAND', 6)
('FELONY ASSAULT', 'BRONX', 47789)
('FELONY ASSAULT', 'BROOKLYN', 62451)
('FELONY ASSAULT', 'MANHATTAN', 33026)
('FELONY ASSAULT', 'QUEENS', 35267)
('FELONY ASSAULT', 'STATEN ISLAND', 5509)
('FORGERY', 'BRONX', 8245)
('FORGERY', 'BROOKLYN', 13227)
('FORGERY', 'MANHATTAN', 15486)
('FORGERY', 'QUEENS', 11120)
('FORGERY', 'STATEN ISLAND', 1225)
('FORTUNE TELLING', 'BRONX', 1)
('FORTUNE TELLING', 'MANHATTAN', 8)
('FORTUNE TELLING', 'QUEENS', 2)
('FRAUDS', 'BRONX', 5518)
('FRAUDS', 'BROOKLYN', 8912)
('FRAUDS', 'MANHATTAN', 9297)
('FRAUDS', 'QUEENS', 5663)
('FRAUDS', 'STATEN ISLAND', 2662)
('FRAUDULENT ACCOSTING', 'BRONX', 136)
('FRAUDULENT ACCOSTING', 'BROOKLYN', 146)
('FRAUDULENT ACCOSTING', 'MANHATTAN', 2221)
('FRAUDULENT ACCOSTING', 'QUEENS', 132)
('FRAUDULENT ACCOSTING', 'STATEN ISLAND', 10)
('GAMBLING', 'BRONX', 620)
('GAMBLING', 'BROOKLYN', 529)
('GAMBLING', 'MANHATTAN', 757)
('GAMBLING', 'QUEENS', 107)
('GAMBLING', 'STATEN ISLAND', 10)
('GRAND LARCENY', 'BRONX', 54565)
('GRAND LARCENY', 'BROOKLYN', 114465)
('GRAND LARCENY', 'MANHATTAN', 167090)
('GRAND LARCENY', 'QUEENS', 81599)
('GRAND LARCENY', 'STATEN ISLAND', 11420)
('GRAND LARCENY OF MOTOR VEHICLE', 'BRONX', 22108)
('GRAND LARCENY OF MOTOR VEHICLE', 'BROOKLYN', 33147)
('GRAND LARCENY OF MOTOR VEHICLE', 'MANHATTAN', 10545)
('GRAND LARCENY OF MOTOR VEHICLE', 'QUEENS', 32461)
('GRAND LARCENY OF MOTOR VEHICLE', 'STATEN ISLAND', 3674)
('HARRASSMENT 2', 'BRONX', 129507)
('HARRASSMENT 2', 'BROOKLYN', 182105)
('HARRASSMENT 2', 'MANHATTAN', 121023)
('HARRASSMENT 2', 'QUEENS', 126629)
('HARRASSMENT 2', 'STATEN ISLAND', 44779)
('HOMICIDE-NEGLIGENT,UNCLASSIFIE', 'BRONX', 7)
('HOMICIDE-NEGLIGENT,UNCLASSIFIE', 'BROOKLYN', 12)
('HOMICIDE-NEGLIGENT,UNCLASSIFIE', 'MANHATTAN', 7)
('HOMICIDE-NEGLIGENT,UNCLASSIFIE', 'QUEENS', 5)
('HOMICIDE-NEGLIGENT,UNCLASSIFIE', 'STATEN ISLAND', 2)
('HOMICIDE-NEGLIGENT-VEHICLE', 'BRONX', 14)
('HOMICIDE-NEGLIGENT-VEHICLE', 'BROOKLYN', 27)
('HOMICIDE-NEGLIGENT-VEHICLE', 'MANHATTAN', 16)
('HOMICIDE-NEGLIGENT-VEHICLE', 'QUEENS', 26)
('HOMICIDE-NEGLIGENT-VEHICLE', 'STATEN ISLAND', 10)
('INTOXICATED & IMPAIRED DRIVING', 'BRONX', 11685)
('INTOXICATED & IMPAIRED DRIVING', 'BROOKLYN', 22818)
('INTOXICATED & IMPAIRED DRIVING', 'MANHATTAN', 16575)
('INTOXICATED & IMPAIRED DRIVING', 'QUEENS', 16745)
('INTOXICATED & IMPAIRED DRIVING', 'STATEN ISLAND', 5902)
('INTOXICATED/IMPAIRED DRIVING', 'BRONX', 9)
('INTOXICATED/IMPAIRED DRIVING', 'BROOKLYN', 13)
('INTOXICATED/IMPAIRED DRIVING', 'MANHATTAN', 4)
('INTOXICATED/IMPAIRED DRIVING', 'QUEENS', 22)
('JOSTLING', 'BRONX', 21)
('JOSTLING', 'BROOKLYN', 47)
('JOSTLING', 'MANHATTAN', 200)
('JOSTLING', 'QUEENS', 31)
('KIDNAPPING', 'BROOKLYN', 1)
('KIDNAPPING', 'QUEENS', 1)
('KIDNAPPING & RELATED OFFENSES', 'BRONX', 569)
('KIDNAPPING & RELATED OFFENSES', 'BROOKLYN', 824)
('KIDNAPPING & RELATED OFFENSES', 'MANHATTAN', 408)
('KIDNAPPING & RELATED OFFENSES', 'QUEENS', 427)
('KIDNAPPING & RELATED OFFENSES', 'STATEN ISLAND', 71)
('KIDNAPPING AND RELATED OFFENSES', 'MANHATTAN', 2)
('LOITERING', 'BRONX', 2)
('LOITERING', 'BROOKLYN', 5)
('LOITERING', 'MANHATTAN', 6)
('LOITERING', 'QUEENS', 7)
('LOITERING FOR DRUG PURPOSES', 'BRONX', 14)
('LOITERING FOR DRUG PURPOSES', 'BROOKLYN', 3)
('LOITERING FOR DRUG PURPOSES', 'MANHATTAN', 5)
('LOITERING FOR DRUG PURPOSES', 'QUEENS', 1)
('LOITERING/DEVIATE SEX', 'BRONX', 3)
('LOITERING/DEVIATE SEX', 'MANHATTAN', 1)
('LOITERING/DEVIATE SEX', 'QUEENS', 12)
('LOITERING/GAMBLING (CARDS, DIC', 'BRONX', 12)
('LOITERING/GAMBLING (CARDS, DIC', 'BROOKLYN', 101)
('LOITERING/GAMBLING (CARDS, DIC', 'MANHATTAN', 76)
('LOITERING/GAMBLING (CARDS, DIC', 'QUEENS', 16)
('LOITERING/GAMBLING (CARDS, DIC', 'STATEN ISLAND', 2)
('MISCELLANEOUS PENAL LAW', 'BRONX', 19613)
('MISCELLANEOUS PENAL LAW', 'BROOKLYN', 46335)
('MISCELLANEOUS PENAL LAW', 'MANHATTAN', 21666)
('MISCELLANEOUS PENAL LAW', 'QUEENS', 26681)
('MISCELLANEOUS PENAL LAW', 'STATEN ISLAND', 4416)
('MURDER & NON-NEGL. MANSLAUGHTER', 'BRONX', 1188)
('MURDER & NON-NEGL. MANSLAUGHTER', 'BROOKLYN', 1836)
('MURDER & NON-NEGL. MANSLAUGHTER', 'MANHATTAN', 619)
('MURDER & NON-NEGL. MANSLAUGHTER', 'QUEENS', 782)
('MURDER & NON-NEGL. MANSLAUGHTER', 'STATEN ISLAND', 148)
('NEW YORK CITY HEALTH CODE', 'BRONX', 7)
('NEW YORK CITY HEALTH CODE', 'BROOKLYN', 15)
('NEW YORK CITY HEALTH CODE', 'MANHATTAN', 41)
('NEW YORK CITY HEALTH CODE', 'QUEENS', 11)
('NEW YORK CITY HEALTH CODE', 'STATEN ISLAND', 1)
('NYS LAWS-UNCLASSIFIED FELONY', 'BRONX', 1046)
('NYS LAWS-UNCLASSIFIED FELONY', 'BROOKLYN', 1291)
('NYS LAWS-UNCLASSIFIED FELONY', 'MANHATTAN', 716)
('NYS LAWS-UNCLASSIFIED FELONY', 'QUEENS', 479)
('NYS LAWS-UNCLASSIFIED FELONY', 'STATEN ISLAND', 223)
('NYS LAWS-UNCLASSIFIED VIOLATION', 'BRONX', 2)
('NYS LAWS-UNCLASSIFIED VIOLATION', 'BROOKLYN', 1)
('NYS LAWS-UNCLASSIFIED VIOLATION', 'MANHATTAN', 2)
('NYS LAWS-UNCLASSIFIED VIOLATION', 'QUEENS', 1)
('OFF. AGNST PUB ORD SENSBLTY &', 'BRONX', 62037)
('OFF. AGNST PUB ORD SENSBLTY &', 'BROOKLYN', 84332)
('OFF. AGNST PUB ORD SENSBLTY &', 'MANHATTAN', 58251)
('OFF. AGNST PUB ORD SENSBLTY &', 'QUEENS', 59065)
('OFF. AGNST PUB ORD SENSBLTY &', 'STATEN ISLAND', 19358)
('OFFENSES AGAINST MARRIAGE UNCL', 'BRONX', 1)
('OFFENSES AGAINST MARRIAGE UNCL', 'MANHATTAN', 2)
('OFFENSES AGAINST PUBLIC ADMINI', 'BRONX', 29983)
('OFFENSES AGAINST PUBLIC ADMINI', 'BROOKLYN', 23658)
('OFFENSES AGAINST PUBLIC ADMINI', 'MANHATTAN', 24145)
('OFFENSES AGAINST PUBLIC ADMINI', 'QUEENS', 15392)
('OFFENSES AGAINST PUBLIC ADMINI', 'STATEN ISLAND', 6937)
('OFFENSES AGAINST PUBLIC SAFETY', 'BRONX', 234)
('OFFENSES AGAINST PUBLIC SAFETY', 'BROOKLYN', 164)
('OFFENSES AGAINST PUBLIC SAFETY', 'MANHATTAN', 205)
('OFFENSES AGAINST PUBLIC SAFETY', 'QUEENS', 113)
('OFFENSES AGAINST PUBLIC SAFETY', 'STATEN ISLAND', 93)
('OFFENSES AGAINST THE PERSON', 'BRONX', 3496)
('OFFENSES AGAINST THE PERSON', 'BROOKLYN', 3259)
('OFFENSES AGAINST THE PERSON', 'MANHATTAN', 3005)
('OFFENSES AGAINST THE PERSON', 'QUEENS', 2077)
('OFFENSES AGAINST THE PERSON', 'STATEN ISLAND', 502)
('OFFENSES INVOLVING FRAUD', 'BRONX', 3358)
('OFFENSES INVOLVING FRAUD', 'BROOKLYN', 2037)
('OFFENSES INVOLVING FRAUD', 'MANHATTAN', 10779)
('OFFENSES INVOLVING FRAUD', 'QUEENS', 1289)
('OFFENSES INVOLVING FRAUD', 'STATEN ISLAND', 274)
('OFFENSES RELATED TO CHILDREN', 'BRONX', 299)
('OFFENSES RELATED TO CHILDREN', 'BROOKLYN', 293)
('OFFENSES RELATED TO CHILDREN', 'MANHATTAN', 98)
('OFFENSES RELATED TO CHILDREN', 'QUEENS', 629)
('OFFENSES RELATED TO CHILDREN', 'STATEN ISLAND', 27)
('OTHER OFFENSES RELATED TO THEF', 'BRONX', 1875)
('OTHER OFFENSES RELATED TO THEF', 'BROOKLYN', 2634)
('OTHER OFFENSES RELATED TO THEF', 'MANHATTAN', 2806)
('OTHER OFFENSES RELATED TO THEF', 'QUEENS', 2011)
('OTHER OFFENSES RELATED TO THEF', 'STATEN ISLAND', 405)
('OTHER STATE LAWS', 'BRONX', 21)
('OTHER STATE LAWS', 'BROOKLYN', 56)
('OTHER STATE LAWS', 'MANHATTAN', 87)
('OTHER STATE LAWS', 'QUEENS', 58)
('OTHER STATE LAWS', 'STATEN ISLAND', 11)
('OTHER STATE LAWS (NON PENAL LA', 'BRONX', 2880)
('OTHER STATE LAWS (NON PENAL LA', 'BROOKLYN', 729)
('OTHER STATE LAWS (NON PENAL LA', 'MANHATTAN', 1479)
('OTHER STATE LAWS (NON PENAL LA', 'QUEENS', 300)
('OTHER STATE LAWS (NON PENAL LA', 'STATEN ISLAND', 117)
('OTHER STATE LAWS (NON PENAL LAW)', 'BRONX', 3)
('OTHER STATE LAWS (NON PENAL LAW)', 'BROOKLYN', 1)
('OTHER TRAFFIC INFRACTION', 'BRONX', 1)
('OTHER TRAFFIC INFRACTION', 'BROOKLYN', 5)
('OTHER TRAFFIC INFRACTION', 'QUEENS', 7)
('PETIT LARCENY', 'BRONX', 138510)
('PETIT LARCENY', 'BROOKLYN', 227891)
('PETIT LARCENY', 'MANHATTAN', 258256)
('PETIT LARCENY', 'QUEENS', 160764)
('PETIT LARCENY', 'STATEN ISLAND', 37032)
('PETIT LARCENY OF MOTOR VEHICLE', 'BRONX', 127)
('PETIT LARCENY OF MOTOR VEHICLE', 'BROOKLYN', 328)
('PETIT LARCENY OF MOTOR VEHICLE', 'MANHATTAN', 203)
('PETIT LARCENY OF MOTOR VEHICLE', 'QUEENS', 221)
('PETIT LARCENY OF MOTOR VEHICLE', 'STATEN ISLAND', 29)
('POSSESSION OF STOLEN PROPERTY', 'BRONX', 5416)
('POSSESSION OF STOLEN PROPERTY', 'BROOKLYN', 8549)
('POSSESSION OF STOLEN PROPERTY', 'MANHATTAN', 8800)
('POSSESSION OF STOLEN PROPERTY', 'QUEENS', 5612)
('POSSESSION OF STOLEN PROPERTY', 'STATEN ISLAND', 1107)
('PROSTITUTION & RELATED OFFENSES', 'BRONX', 347)
('PROSTITUTION & RELATED OFFENSES', 'BROOKLYN', 214)
('PROSTITUTION & RELATED OFFENSES', 'MANHATTAN', 171)
('PROSTITUTION & RELATED OFFENSES', 'QUEENS', 103)
('PROSTITUTION & RELATED OFFENSES', 'STATEN ISLAND', 7)
('RAPE', 'BRONX', 3025)
('RAPE', 'BROOKLYN', 4098)
('RAPE', 'MANHATTAN', 2941)
('RAPE', 'QUEENS', 3181)
('RAPE', 'STATEN ISLAND', 542)
('ROBBERY', 'BRONX', 45299)
('ROBBERY', 'BROOKLYN', 69673)
('ROBBERY', 'MANHATTAN', 38511)
('ROBBERY', 'QUEENS', 40824)
('ROBBERY', 'STATEN ISLAND', 4446)
('SEX CRIMES', 'BRONX', 10132)
('SEX CRIMES', 'BROOKLYN', 17898)
('SEX CRIMES', 'MANHATTAN', 13026)
('SEX CRIMES', 'QUEENS', 11983)
('SEX CRIMES', 'STATEN ISLAND', 1919)
('THEFT OF SERVICES', 'BRONX', 439)
('THEFT OF SERVICES', 'BROOKLYN', 157)
('THEFT OF SERVICES', 'MANHATTAN', 2087)
('THEFT OF SERVICES', 'QUEENS', 95)
('THEFT-FRAUD', 'BRONX', 9715)
('THEFT-FRAUD', 'BROOKLYN', 16082)
('THEFT-FRAUD', 'MANHATTAN', 16098)
('THEFT-FRAUD', 'QUEENS', 11382)
('THEFT-FRAUD', 'STATEN ISLAND', 3479)
('UNAUTHORIZED USE OF A VEHICLE', 'BRONX', 2233)
('UNAUTHORIZED USE OF A VEHICLE', 'BROOKLYN', 4190)
('UNAUTHORIZED USE OF A VEHICLE', 'MANHATTAN', 1730)
('UNAUTHORIZED USE OF A VEHICLE', 'QUEENS', 4423)
('UNAUTHORIZED USE OF A VEHICLE', 'STATEN ISLAND', 1243)
('UNDER THE INFLUENCE OF DRUGS', 'MANHATTAN', 1)
('UNDER THE INFLUENCE OF DRUGS', 'QUEENS', 1)
('UNDER THE INFLUENCE OF DRUGS', 'STATEN ISLAND', 1)
('UNLAWFUL POSS. WEAP. ON SCHOOL', 'BRONX', 16)
('UNLAWFUL POSS. WEAP. ON SCHOOL', 'BROOKLYN', 13)
('UNLAWFUL POSS. WEAP. ON SCHOOL', 'MANHATTAN', 14)
('UNLAWFUL POSS. WEAP. ON SCHOOL', 'QUEENS', 15)
('UNLAWFUL POSS. WEAP. ON SCHOOL', 'STATEN ISLAND', 1)
('VEHICLE AND TRAFFIC LAWS', 'BRONX', 14491)
('VEHICLE AND TRAFFIC LAWS', 'BROOKLYN', 15352)
('VEHICLE AND TRAFFIC LAWS', 'MANHATTAN', 12647)
('VEHICLE AND TRAFFIC LAWS', 'QUEENS', 15142)
('VEHICLE AND TRAFFIC LAWS', 'STATEN ISLAND', 1505)
